Start testing: Oct 17 09:47 JST
----------------------------------------------------------
1/1 Testing: unit_test
1/1 Test: unit_test
Command: "/home/hss/0_tkd/1_hss/2_tools/fortran-metrics/build/test/unit_test"
Directory: /home/hss/0_tkd/1_hss/2_tools/fortran-metrics/build/test
"unit_test" start time: Oct 17 09:47 JST
Output:
----------------------------------------------------------
 Test: Vector data
N:  5, RMSE: 0.57, MAE: 0.38, MBE:-0.22, MAPE:17.50
 Test: Scalar data
N:  1, E: 1.00, AE: 1.00, PE:50.00, APE:50.00
 Test: yhat1 = NA
*** Warning: yhat is NA.
N:***, E:*****, AE:*****, PE:*****, APE:*****
 Test: yhat = [NA, NA, NA, NA, NA]
*** Warning: All yhats are NAs
N:***, RMSE:*****, MAE:*****, MBE:*****, MAPE:*****
 Test: yhat = [1.0, NA, NA, 2.0, NA]
N:  2, RMSE: 1.41, MAE: 1.00, MBE:-1.00, MAPE:25.00
<end of output>
Test time =   0.00 sec
----------------------------------------------------------
Test Passed.
"unit_test" end time: Oct 17 09:47 JST
"unit_test" time elapsed: 00:00:00
----------------------------------------------------------

End testing: Oct 17 09:47 JST
